Build started 5/4/2016 5:57:38 AM.
     1>Project "c:\Users\Behnam\documents\visual studio 2013\Projects\331-thrello\331-thrello\331-thrello.vcxproj" on node 2 (Build target(s)).
     1>ClCompile:
         C:\Program Files (x86)\Microsoft Visual Studio 12.0\VC\bin\CL.exe /c /ZI /nologo /W3 /WX- /Od /Oy- /D WIN32 /D _DEBUG /D _CONSOLE /D _LIB /D _UNICODE /D UNICODE /Gm /EHsc /RTC1 /MDd /GS /fp:precise /Zc:wchar_t /Zc:forScope /Fo"Debug\\" /Fd"Debug\vc120.pdb" /Gd /TP /analyze- /errorReport:prompt GameDriver.cpp MinimaxPlayer.cpp Tree.cpp main.cpp
         Tree.cpp
         Generating Code...
         Compiling...
         main.cpp
         MinimaxPlayer.cpp
         GameDriver.cpp
         Generating Code...
       Link:
         C:\Program Files (x86)\Microsoft Visual Studio 12.0\VC\bin\link.exe /ERRORREPORT:PROMPT /OUT:"c:\users\behnam\documents\visual studio 2013\Projects\331-thrello\Debug\331-thrello.exe" /INCREMENTAL /NOLOGO kernel32.lib user32.lib gdi32.lib winspool.lib comdlg32.lib advapi32.lib shell32.lib ole32.lib oleaut32.lib uuid.lib odbc32.lib odbccp32.lib /MANIFEST /MANIFESTUAC:"level='asInvoker' uiAccess='false'" /manifest:embed /DEBUG /PDB:"c:\users\behnam\documents\visual studio 2013\Projects\331-thrello\Debug\331-thrello.pdb" /SUBSYSTEM:CONSOLE /TLBID:1 /DYNAMICBASE /NXCOMPAT /IMPLIB:"c:\users\behnam\documents\visual studio 2013\Projects\331-thrello\Debug\331-thrello.lib" /MACHINE:X86 Debug\Board.obj
         Debug\GameDriver.obj
         Debug\HumanPlayer.obj
         Debug\main.obj
         Debug\MinimaxPlayer.obj
         Debug\OthelloBoard.obj
         Debug\Player.obj
         Debug\Tree.obj
         331-thrello.vcxproj -> c:\users\behnam\documents\visual studio 2013\Projects\331-thrello\Debug\331-thrello.exe
     1>Done Building Project "c:\Users\Behnam\documents\visual studio 2013\Projects\331-thrello\331-thrello\331-thrello.vcxproj" (Build target(s)).

Build succeeded.

Time Elapsed 00:00:01.34
